<?xml version="1.0" encoding="UTF-8"?>
<!-- Generated by org.testng.reporters.JUnitXMLReporter -->
<testsuite ignored="0" hostname="LAPTOP-SSJ8CKCU" failures="0" tests="4" name="Default test" time="0.062" errors="0" timestamp="2025-10-04T23:51:06 IST">
  <testcase classname="Practice.Stream1" name="filter" time="0.007"/>
  <testcase classname="Practice.Stream1" name="streamCollect" time="0.007"/>
  <testcase classname="Practice.Stream1" name="streamFilter" time="0.003"/>
  <testcase classname="Practice.Stream1" name="streamMAp" time="0.005"/>
</testsuite> <!-- Default test -->
