<?xml version="1.0" encoding="UTF-8"?>
<testng-results ignored="0" total="4" passed="4" failed="0" skipped="0">
  <reporter-output>
  </reporter-output>
  <suite started-at="2025-10-04T23:51:06 IST" name="Default suite" finished-at="2025-10-04T23:51:06 IST" duration-ms="62">
    <groups>
    </groups>
    <test started-at="2025-10-04T23:51:06 IST" name="Default test" finished-at="2025-10-04T23:51:06 IST" duration-ms="62">
      <class name="Practice.Stream1">
        <test-method signature="filter()[pri:0, instance:Practice.Stream1@4c583ecf]" started-at="2025-10-04T23:51:06 IST" name="filter" finished-at="2025-10-04T23:51:06 IST" duration-ms="7" status="PASS">
          <reporter-output>
          </reporter-output>
        </test-method> <!-- filter -->
        <test-method signature="streamCollect()[pri:0, instance:Practice.Stream1@4c583ecf]" started-at="2025-10-04T23:51:06 IST" name="streamCollect" finished-at="2025-10-04T23:51:06 IST" duration-ms="7" status="PASS">
          <reporter-output>
          </reporter-output>
        </test-method> <!-- streamCollect -->
        <test-method signature="streamFilter()[pri:0, instance:Practice.Stream1@4c583ecf]" started-at="2025-10-04T23:51:06 IST" name="streamFilter" finished-at="2025-10-04T23:51:06 IST" duration-ms="3" status="PASS">
          <reporter-output>
          </reporter-output>
        </test-method> <!-- streamFilter -->
        <test-method signature="streamMAp()[pri:0, instance:Practice.Stream1@4c583ecf]" started-at="2025-10-04T23:51:06 IST" name="streamMAp" finished-at="2025-10-04T23:51:06 IST" duration-ms="5" status="PASS">
          <reporter-output>
          </reporter-output>
        </test-method> <!-- streamMAp -->
      </class> <!-- Practice.Stream1 -->
    </test> <!-- Default test -->
  </suite> <!-- Default suite -->
</testng-results>
